ISim log file
Running: C:\Users\152\Downloads\0226\tb_isim_beh.exe -intstyle ise -gui -tclbatch isim.cmd -wdb C:/Users/152/Downloads/0226/tb_isim_beh.wdb 
ISim P.68d (signature 0x7708f090)
----------------------------------------------------------------------
WARNING:Security:42 - Your software subscription period has lapsed. Your current version of Xilinx tools will continue to function, but you no longer qualify for Xilinx software updates or new releases.


----------------------------------------------------------------------
This is a Full version of ISim.
Time resolution is 1 ps
# onerror resume
# wave add /
# run 1000 ns
Simulator is doing circuit initialization process.
Finished circuit initialization process.
# run all
TB PRINTED           1-th frame
baseX =  70    baseY =  50
i:           1,   layout: 01,   layout[i - 1]: 1
last CX:  70,    tmp:  55
i:           2,   layout: 01,   layout[i - 1]: 0
last CX:  55,    tmp:  75
here in draw_sq, xxxxxxxxxxxxxxxxxxxxxxxxxxxxxxxxxxxxxxxxx,   x,   x
  x   x   x
here in draw_sq, xxxxxxxxxxxxxxxxxxxxxxxxxxxxxxxxxxxxxxxxx,   x,   x
  x   x   x
here in draw_sq, xxxxxxxxxxxxxxxxxxxxxxxxxxxxxxxxxxxxxxxxx,   x,   x
  x   x   x
in drawing mode
TB PRINTED           2-th frame
baseX =  70    baseY =  50
i:           1,   layout: 01,   layout[i - 1]: 1
last CX:  70,    tmp:  55
i:           2,   layout: 01,   layout[i - 1]: 0
last CX:  55,    tmp:  75
here in draw_sq, 01000110001100100000010100000101001010011,  70,  50
 70  50   5
here in draw_sq, 00110111001000110000010100000101011010001,  55,  35
 55  35   5
here in draw_sq, 01001011000011110000010100000101011010001,  75,  15
 75  15   5
in drawing mode
TB PRINTED           3-th frame
baseX =  70    baseY =  50
i:           1,   layout: 01,   layout[i - 1]: 1
last CX:  70,    tmp:  55
i:           2,   layout: 01,   layout[i - 1]: 0
last CX:  55,    tmp:  75
here in draw_sq, 01000110001100100000010100000101001010011,  70,  50
 70  50   5
here in draw_sq, 00110111001000110000010100000101011010001,  55,  35
 55  35   5
here in draw_sq, 01001011000011110000010100000101011010001,  75,  15
 75  15   5
in drawing mode
Stopped at time : 60399740 ns : File "C:/Users/152/Downloads/0226/tb.v" Line 63
